<?xml version="1.0" encoding="UTF-8"?>
<!-- Generated by org.testng.reporters.JUnitReportReporter -->
<testsuite skipped="0" hostname="DESKTOP-M6MA1OQ" name="com.kmv.testcases.LoginTest" tests="1" failures="0" timestamp="2020-06-08T14:36:57 IST" time="31.748" errors="0">
  <testcase name="loginTest" time="31.748" classname="com.kmv.testcases.LoginTest"/>
</testsuite> <!-- com.kmv.testcases.LoginTest -->
